2024-07-26 13:51:21 - root - INFO - Processing main folder: New folder (123)
2024-07-26 13:51:21 - root - INFO - Processing subfolder: New folder (49), New name: SKU_0001/0
2024-07-26 13:51:21 - root - INFO - Processing subfolder: New folder (48), New name: SKU_0002/2
2024-07-26 13:51:21 - root - INFO - Processing subfolder: New folder (47), New name: SKU_0003/4
2024-07-26 13:51:21 - root - INFO - Processing subfolder: New folder (46), New name: SKU_0004/6
2024-07-26 13:51:22 - root - INFO - Processing subfolder: New folder (45), New name: SKU_0005/3
2024-07-26 13:51:22 - root - INFO - Processing subfolder: New folder (44), New name: SKU_0006/5
2024-07-26 13:51:23 - root - INFO - Processing subfolder: New folder (43), New name: SKU_0007/4
2024-07-26 13:51:23 - root - INFO - Processing subfolder: New folder (42), New name: SKU_0008/4
2024-07-26 13:51:24 - root - INFO - Processing subfolder: New folder (41), New name: SKU_0009/5
2024-07-26 13:51:24 - root - INFO - Processing subfolder: New folder (40), New name: SKU_0010/5
2024-07-26 13:51:25 - root - INFO - Processing subfolder: New folder (39), New name: SKU_0011/4
2024-07-26 13:51:25 - root - INFO - Processing subfolder: New folder (38), New name: SKU_0012/4
2024-07-26 13:51:25 - root - INFO - Processing subfolder: New folder (37), New name: SKU_0013/4
2024-07-26 13:51:26 - root - INFO - Processing subfolder: New folder (36), New name: SKU_0014/5
2024-07-26 13:51:26 - root - INFO - Processing subfolder: New folder (35), New name: SKU_0015/4
2024-07-26 13:51:27 - root - INFO - Processing subfolder: New folder (34), New name: SKU_0016/4
2024-07-26 13:51:27 - root - INFO - Processing subfolder: New folder (33), New name: SKU_0017/7
2024-07-26 13:51:28 - root - INFO - Processing subfolder: New folder (32), New name: SKU_0018/4
2024-07-26 13:51:29 - root - INFO - Processing subfolder: New folder (31), New name: SKU_0019/4
2024-07-26 13:51:29 - root - INFO - Processing subfolder: New folder (30), New name: SKU_0020/3
2024-07-26 13:51:29 - root - INFO - Processing subfolder: New folder (29), New name: SKU_0021/4
2024-07-26 13:51:29 - root - INFO - Processing subfolder: New folder (28), New name: SKU_0022/4
2024-07-26 13:51:30 - root - INFO - Processing subfolder: New folder (27), New name: SKU_0023/4
2024-07-26 13:51:30 - root - INFO - Processing subfolder: New folder (26), New name: SKU_0024/4
2024-07-26 13:51:30 - root - INFO - Processing subfolder: New folder (25), New name: SKU_0025/4
2024-07-26 13:51:30 - root - INFO - Processing subfolder: New folder, New name: SKU_0026/4
2024-07-26 13:51:30 - root - INFO - Processing subfolder: New folder (1), New name: SKU_0027/2
2024-07-26 13:51:30 - root - INFO - Processing subfolder: New folder (2), New name: SKU_0028/2
2024-07-26 13:51:31 - root - INFO - Processing subfolder: New folder (3), New name: SKU_0029/2
2024-07-26 13:51:31 - root - INFO - Processing subfolder: New folder (4), New name: SKU_0030/3
2024-07-26 13:51:31 - root - INFO - Processing subfolder: New folder (5), New name: SKU_0031/2
2024-07-26 13:51:31 - root - INFO - Processing subfolder: New folder (6), New name: SKU_0032/2
2024-07-26 13:51:31 - root - INFO - Processing subfolder: New folder (7), New name: SKU_0033/3
2024-07-26 13:51:31 - root - INFO - Processing subfolder: New folder (8), New name: SKU_0034/2
2024-07-26 13:51:32 - root - INFO - Processing subfolder: New folder (9), New name: SKU_0035/0
2024-07-26 13:51:32 - root - INFO - Processing subfolder: New folder (10), New name: SKU_0036/2
2024-07-26 13:51:32 - root - INFO - Processing subfolder: New folder (11), New name: SKU_0037/3
2024-07-26 13:51:32 - root - INFO - Processing subfolder: New folder (12), New name: SKU_0038/0
2024-07-26 13:51:32 - root - INFO - Processing subfolder: New folder (13), New name: SKU_0039/0
2024-07-26 13:51:32 - root - INFO - Processing subfolder: New folder (14), New name: SKU_0040/0
2024-07-26 13:51:32 - root - INFO - Processing subfolder: New folder (15), New name: SKU_0041/0
2024-07-26 13:51:32 - root - INFO - Processing subfolder: New folder (16), New name: SKU_0042/0
2024-07-26 13:51:32 - root - INFO - Processing subfolder: New folder (17), New name: SKU_0043/0
2024-07-26 13:51:32 - root - INFO - Processing subfolder: New folder (18), New name: SKU_0044/0
2024-07-26 13:51:32 - root - INFO - Processing subfolder: New folder (19), New name: SKU_0045/0
2024-07-26 13:51:32 - root - INFO - Processing subfolder: New folder (20), New name: SKU_0046/0
2024-07-26 13:51:32 - root - INFO - Processing subfolder: New folder (21), New name: SKU_0047/0
2024-07-26 13:51:32 - root - INFO - Processing subfolder: New folder (22), New name: SKU_0048/0
2024-07-26 13:51:32 - root - INFO - Processing subfolder: New folder (23), New name: SKU_0049/0
2024-07-26 13:51:32 - root - INFO - Processing subfolder: New folder (24), New name: SKU_0050/0
2024-07-26 13:51:32 - root - INFO - Processing subfolder: SKU_000008, New name: SKU_0051/0
2024-07-26 13:51:32 - root - INFO - Processing subfolder: SKU_000005, New name: SKU_0052/0
2024-07-26 13:51:32 - root - INFO - Processing subfolder: SKU_000001, New name: SKU_0053/0
2024-07-26 13:51:32 - root - INFO - Processing subfolder: SKU_000011, New name: SKU_0054/0
2024-07-26 13:51:32 - root - INFO - Processing subfolder: SKU_000009, New name: SKU_0055/0
2024-07-26 13:51:32 - root - INFO - Processing subfolder: SKU_000007, New name: SKU_0056/0
2024-07-26 13:51:32 - root - INFO - Processing subfolder: SKU_000003, New name: SKU_0057/0
2024-07-26 13:51:32 - root - INFO - Processing subfolder: SKU_000002, New name: SKU_0058/0
2024-07-26 13:51:32 - root - INFO - Processing subfolder: SKU_000019, New name: SKU_0059/0
2024-07-26 13:51:32 - root - INFO - Processing subfolder: SKU_000021, New name: SKU_0060/0
2024-07-26 13:51:32 - root - INFO - Processing subfolder: SKU_000016, New name: SKU_0061/0
2024-07-26 13:51:32 - root - INFO - Processing subfolder: SKU_000020, New name: SKU_0062/0
2024-07-26 13:51:32 - root - INFO - Processing subfolder: SKU_000018, New name: SKU_0063/0
2024-07-26 13:51:32 - root - INFO - Processing subfolder: SKU_000015, New name: SKU_0064/0
2024-07-26 13:51:32 - root - INFO - Processing subfolder: SKU_000017, New name: SKU_0065/0
2024-07-26 13:51:32 - root - INFO - Processing subfolder: SKU_000014, New name: SKU_0066/0
2024-07-26 13:51:32 - root - INFO - Processing subfolder: SKU_000022, New name: SKU_0067/0
2024-07-26 13:51:32 - root - INFO - Processing subfolder: SKU_000032, New name: SKU_0068/0
2024-07-26 13:51:32 - root - INFO - Processing subfolder: SKU_000027, New name: SKU_0069/0
2024-07-26 13:51:32 - root - INFO - Processing subfolder: SKU_000026, New name: SKU_0070/0
2024-07-26 13:51:32 - root - INFO - Processing subfolder: SKU_000033, New name: SKU_0071/0
2024-07-26 13:51:32 - root - INFO - Processing subfolder: SKU_000029, New name: SKU_0072/0
2024-07-26 13:51:32 - root - INFO - Processing subfolder: SKU_000024, New name: SKU_0073/0
2024-07-26 13:51:32 - root - INFO - Processing subfolder: SKU_000023, New name: SKU_0074/0
2024-07-26 13:51:32 - root - INFO - Processing subfolder: SKU_000031, New name: SKU_0075/0
2024-07-26 13:51:32 - root - INFO - Processing subfolder: SKU_000025, New name: SKU_0076/0
2024-07-26 13:51:32 - root - INFO - Processing subfolder: SKU_000028, New name: SKU_0077/0
2024-07-26 13:51:32 - root - INFO - Processing subfolder: SKU_000036, New name: SKU_0078/0
2024-07-26 13:51:32 - root - INFO - Processing subfolder: SKU_000039, New name: SKU_0079/0
2024-07-26 13:51:32 - root - INFO - Processing subfolder: SKU_000035, New name: SKU_0080/0
2024-07-26 13:51:32 - root - INFO - Processing subfolder: SKU_000037, New name: SKU_0081/0
2024-07-26 13:51:32 - root - INFO - Processing subfolder: SKU_000038, New name: SKU_0082/0
2024-07-26 13:51:32 - root - INFO - Processing subfolder: SKU_000034, New name: SKU_0083/0
2024-07-26 13:51:32 - root - INFO - Processing subfolder: SKU_000004, New name: SKU_0084/0
2024-07-26 13:51:32 - root - INFO - Processing subfolder: SKU_000010, New name: SKU_0085/0
2024-07-26 13:51:32 - root - INFO - Processing subfolder: SKU_000012, New name: SKU_0086/0
2024-07-26 13:51:32 - root - INFO - Processing subfolder: SKU_000013, New name: SKU_0087/0
2024-07-26 13:51:32 - root - INFO - Processing subfolder: SKU_000040, New name: SKU_0088/0
2024-07-26 13:51:32 - root - INFO - Processing subfolder: SKU_000041, New name: SKU_0089/0
2024-07-26 13:51:32 - root - INFO - Processing subfolder: SKU_000042, New name: SKU_0090/0
2024-07-26 13:51:32 - root - INFO - Processing subfolder: SKU_000043, New name: SKU_0091/0
2024-07-26 13:51:32 - root - INFO - Processing subfolder: SKU_000044, New name: SKU_0092/0
2024-07-26 13:51:32 - root - INFO - Processing subfolder: SKU_000045, New name: SKU_0093/0
2024-07-26 13:51:32 - root - INFO - Processing subfolder: SKU_000046, New name: SKU_0094/0
2024-07-26 13:51:32 - root - INFO - Processing subfolder: SKU_000047, New name: SKU_0095/0
2024-07-26 13:51:32 - root - INFO - Processing subfolder: New folder (50), New name: SKU_0096/2
2024-07-26 13:51:32 - root - INFO - Processing subfolder: New folder (51), New name: SKU_0097/2
2024-07-26 13:51:33 - root - INFO - Processing subfolder: New folder (52), New name: SKU_0098/2
2024-07-26 13:51:33 - root - INFO - Processing subfolder: New folder (53), New name: SKU_0099/2
2024-07-26 13:51:33 - root - INFO - Processing subfolder: New folder (54), New name: SKU_0100/2
2024-07-26 13:51:33 - root - INFO - Processing subfolder: New folder (55), New name: SKU_0101/2
2024-07-26 13:51:33 - root - INFO - Processing subfolder: New folder (56), New name: SKU_0102/4
2024-07-26 13:51:33 - root - INFO - Processing subfolder: New folder (57), New name: SKU_0103/2
2024-07-26 13:51:33 - root - INFO - Processing subfolder: New folder (58), New name: SKU_0104/2
2024-07-26 13:51:33 - root - INFO - Processing subfolder: New folder (59), New name: SKU_0105/2
2024-07-26 13:51:33 - root - INFO - Processing subfolder: New folder (60), New name: SKU_0106/2
2024-07-26 13:51:33 - root - INFO - Processing subfolder: New folder (61), New name: SKU_0107/2
2024-07-26 13:51:34 - root - INFO - Processing subfolder: New folder (62), New name: SKU_0108/2
2024-07-26 13:51:34 - root - INFO - Processing subfolder: New folder (63), New name: SKU_0109/2
2024-07-26 13:51:34 - root - INFO - Processing subfolder: New folder (64), New name: SKU_0110/2
2024-07-26 13:51:34 - root - INFO - Processing subfolder: New folder (65), New name: SKU_0111/2
2024-07-26 13:51:34 - root - INFO - Processing subfolder: New folder (66), New name: SKU_0112/2
2024-07-26 13:51:34 - root - INFO - Processing subfolder: New folder (67), New name: SKU_0113/2
2024-07-26 13:51:34 - root - INFO - Processing subfolder: New folder (68), New name: SKU_0114/3
2024-07-26 13:51:35 - root - INFO - Processing subfolder: New folder (69), New name: SKU_0115/2
2024-07-26 13:51:35 - root - INFO - Processing subfolder: New folder (70), New name: SKU_0116/2
2024-07-26 13:51:35 - root - INFO - Processing subfolder: New folder (71), New name: SKU_0117/2
2024-07-26 13:51:35 - root - INFO - Processing subfolder: New folder (72), New name: SKU_0118/3
2024-07-26 13:51:35 - root - INFO - Processing subfolder: New folder (73), New name: SKU_0119/3
2024-07-26 13:51:35 - root - INFO - Processing subfolder: New folder (74), New name: SKU_0120/2
2024-07-26 13:51:35 - root - INFO - Processing subfolder: New folder (75), New name: SKU_0121/3
2024-07-26 13:51:36 - root - INFO - Processing subfolder: New folder (76), New name: SKU_0122/2
2024-07-26 13:51:36 - root - INFO - Processing subfolder: New folder (77), New name: SKU_0123/2
2024-07-26 13:51:36 - root - INFO - Processing subfolder: New folder (78), New name: SKU_0124/2
2024-07-26 13:51:36 - root - INFO - Processing subfolder: New folder (79), New name: SKU_0125/2
2024-07-26 13:51:36 - root - INFO - Processing subfolder: New folder (80), New name: SKU_0126/2
2024-07-26 13:51:36 - root - INFO - Processing subfolder: New folder (81), New name: SKU_0127/2
2024-07-26 13:51:36 - root - INFO - Processing subfolder: New folder (82), New name: SKU_0128/3
2024-07-26 13:51:36 - root - INFO - Processing subfolder: New folder (83), New name: SKU_0129/2
2024-07-26 13:51:36 - root - INFO - Processing subfolder: New folder (84), New name: SKU_0130/3
2024-07-26 13:51:37 - root - INFO - Processing subfolder: New folder (85), New name: SKU_0131/2
2024-07-26 13:51:37 - root - INFO - Processing subfolder: New folder (86), New name: SKU_0132/2
2024-07-26 13:51:38 - root - INFO - Processing subfolder: New folder (87), New name: SKU_0133/2
2024-07-26 13:51:38 - root - INFO - Processing subfolder: New folder (88), New name: SKU_0134/2
2024-07-26 13:51:38 - root - INFO - Processing subfolder: New folder (89), New name: SKU_0135/3
2024-07-26 13:51:38 - root - INFO - Processing subfolder: New folder (90), New name: SKU_0136/2
2024-07-26 13:51:38 - root - INFO - Processing subfolder: New folder (91), New name: SKU_0137/2
2024-07-26 13:51:38 - root - INFO - Processing subfolder: New folder (92), New name: SKU_0138/2
2024-07-26 13:51:38 - root - INFO - Processing subfolder: New folder (93), New name: SKU_0139/3
2024-07-26 13:51:38 - root - INFO - Processing subfolder: New folder (94), New name: SKU_0140/2
2024-07-26 13:51:38 - root - INFO - Processing subfolder: New folder (95), New name: SKU_0141/3
2024-07-26 13:51:39 - root - INFO - Processing subfolder: New folder (98), New name: SKU_0142/3
2024-07-26 13:51:39 - root - INFO - Processing subfolder: New folder (97), New name: SKU_0143/3
2024-07-26 13:51:39 - root - INFO - Processing subfolder: New folder (96), New name: SKU_0144/3
2024-07-26 13:51:39 - root - INFO - Processing subfolder: New folder (99), New name: SKU_0145/2
2024-07-26 13:51:40 - root - INFO - Processing subfolder: New folder (100), New name: SKU_0146/2
2024-07-26 13:51:40 - root - INFO - Processing subfolder: New folder (101), New name: SKU_0147/2
2024-07-26 13:51:40 - root - INFO - Processing subfolder: New folder (102), New name: SKU_0148/2
2024-07-26 13:51:40 - root - INFO - Processing subfolder: New folder (103), New name: SKU_0149/4
2024-07-26 13:51:40 - root - INFO - Processing subfolder: New folder (104), New name: SKU_0150/2
2024-07-26 13:51:40 - root - INFO - Processing subfolder: New folder (105), New name: SKU_0151/2
2024-07-26 13:51:40 - root - INFO - Processing subfolder: New folder (106), New name: SKU_0152/2
2024-07-26 13:51:40 - root - INFO - Processing subfolder: New folder (107), New name: SKU_0153/2
2024-07-26 13:51:40 - root - INFO - Processing subfolder: New folder (108), New name: SKU_0154/2
2024-07-26 13:51:41 - root - INFO - Processing subfolder: New folder (109), New name: SKU_0155/2
2024-07-26 13:51:41 - root - INFO - Processing subfolder: New folder (110), New name: SKU_0156/2
2024-07-26 13:51:41 - root - INFO - Processing subfolder: New folder (111), New name: SKU_0157/2
2024-07-26 13:51:41 - root - INFO - Processing subfolder: New folder (112), New name: SKU_0158/2
2024-07-26 13:51:41 - root - INFO - Processing subfolder: New folder (113), New name: SKU_0159/2
2024-07-26 13:51:41 - root - INFO - Processing subfolder: New folder (114), New name: SKU_0160/2
2024-07-26 13:51:41 - root - INFO - Processing subfolder: New folder (115), New name: SKU_0161/2
2024-07-26 13:51:42 - root - INFO - Processing subfolder: New folder (116), New name: SKU_0162/2
2024-07-26 13:51:42 - root - INFO - Processing subfolder: New folder (117), New name: SKU_0163/2
2024-07-26 13:51:42 - root - INFO - Processing subfolder: New folder (118), New name: SKU_0164/3
2024-07-26 13:51:42 - root - INFO - Processing subfolder: New folder (119), New name: SKU_0165/2
2024-07-26 13:51:42 - root - INFO - Processing subfolder: New folder (120), New name: SKU_0166/2
2024-07-26 13:51:42 - root - INFO - Processing subfolder: New folder (121), New name: SKU_0167/2
2024-07-26 13:51:43 - root - INFO - Processing subfolder: New folder (122), New name: SKU_0168/1
2024-07-26 13:51:43 - root - INFO - Processing subfolder: newfolder, New name: SKU_0169/0
2024-07-26 13:51:43 - root - INFO - Processed 169 subfolders with a total of 290 images
2024-07-26 13:51:43 - root - INFO - Processing completed successfully.
